{"/home/travis/build/npmtest/node-npmtest-auto-install/test.js":{"path":"/home/travis/build/npmtest/node-npmtest-auto-install/test.js","s":{"1":2,"2":2,"3":2,"4":2,"5":2,"6":2,"7":2,"8":1,"9":2,"10":2,"11":1,"12":1,"13":1,"14":1,"15":2,"16":2,"17":2,"18":2,"19":1,"20":1,"21":2,"22":2,"23":2,"24":1,"25":1,"26":1,"27":1,"28":1,"29":1,"30":1,"31":1,"32":1,"33":1,"34":1,"35":1,"36":2,"37":2,"38":1,"39":2,"40":2,"41":1,"42":2,"43":2,"44":1,"45":1,"46":1,"47":1,"48":1},"b":{"1":[2,1,1,1],"2":[1,1,1,1],"3":[1,1],"4":[1,1],"5":[1,1],"6":[1,1],"7":[1,1],"8":[1,1],"9":[1,1,1],"10":[1,1],"11":[1,1],"12":[1,1],"13":[1,1],"14":[1,1],"15":[1,1]},"f":{"1":2,"2":2,"3":2,"4":2,"5":2,"6":1,"7":1,"8":2,"9":2,"10":2,"11":1},"fnMap":{"1":{"name":"(anonymous_1)","line":12,"loc":{"start":{"line":12,"column":1},"end":{"line":12,"column":13}}},"2":{"name":"(anonymous_2)","line":19,"loc":{"start":{"line":19,"column":5},"end":{"line":19,"column":17}}},"3":{"name":"(anonymous_3)","line":23,"loc":{"start":{"line":23,"column":24},"end":{"line":23,"column":36}}},"4":{"name":"(anonymous_4)","line":61,"loc":{"start":{"line":61,"column":5},"end":{"line":61,"column":17}}},"5":{"name":"(anonymous_5)","line":82,"loc":{"start":{"line":82,"column":5},"end":{"line":82,"column":17}}},"6":{"name":"(anonymous_6)","line":102,"loc":{"start":{"line":102,"column":83},"end":{"line":105,"column":10}},"skip":true},"7":{"name":"(anonymous_7)","line":113,"loc":{"start":{"line":113,"column":77},"end":{"line":116,"column":10}},"skip":true},"8":{"name":"(anonymous_8)","line":127,"loc":{"start":{"line":127,"column":77},"end":{"line":130,"column":10}},"skip":true},"9":{"name":"(anonymous_9)","line":138,"loc":{"start":{"line":138,"column":83},"end":{"line":141,"column":10}},"skip":true},"10":{"name":"(anonymous_10)","line":149,"loc":{"start":{"line":149,"column":79},"end":{"line":152,"column":10}},"skip":true},"11":{"name":"(anonymous_11)","line":160,"loc":{"start":{"line":160,"column":75},"end":{"line":163,"column":10}},"skip":true}},"statementMap":{"1":{"start":{"line":12,"column":0},"end":{"line":175,"column":5}},"2":{"start":{"line":14,"column":4},"end":{"line":14,"column":14}},"3":{"start":{"line":19,"column":4},"end":{"line":56,"column":9}},"4":{"start":{"line":21,"column":8},"end":{"line":21,"column":19}},"5":{"start":{"line":23,"column":8},"end":{"line":35,"column":13}},"6":{"start":{"line":24,"column":12},"end":{"line":34,"column":13}},"7":{"start":{"line":25,"column":16},"end":{"line":28,"column":30}},"8":{"start":{"line":30,"column":16},"end":{"line":33,"column":27}},"9":{"start":{"line":37,"column":8},"end":{"line":39,"column":21}},"10":{"start":{"line":40,"column":8},"end":{"line":53,"column":9}},"11":{"start":{"line":43,"column":12},"end":{"line":46,"column":14}},"12":{"start":{"line":47,"column":12},"end":{"line":47,"column":18}},"13":{"start":{"line":50,"column":12},"end":{"line":51,"column":46}},"14":{"start":{"line":52,"column":12},"end":{"line":52,"column":18}},"15":{"start":{"line":55,"column":8},"end":{"line":55,"column":35}},"16":{"start":{"line":61,"column":4},"end":{"line":63,"column":9}},"17":{"start":{"line":62,"column":8},"end":{"line":62,"column":15}},"18":{"start":{"line":64,"column":4},"end":{"line":77,"column":5}},"19":{"start":{"line":70,"column":8},"end":{"line":70,"column":14}},"20":{"start":{"line":76,"column":8},"end":{"line":76,"column":14}},"21":{"start":{"line":82,"column":4},"end":{"line":84,"column":9}},"22":{"start":{"line":83,"column":8},"end":{"line":83,"column":15}},"23":{"start":{"line":85,"column":4},"end":{"line":174,"column":5}},"24":{"start":{"line":92,"column":8},"end":{"line":94,"column":63}},"25":{"start":{"line":95,"column":8},"end":{"line":95,"column":14}},"26":{"start":{"line":102,"column":8},"end":{"line":111,"column":10},"skip":true},"27":{"start":{"line":109,"column":12},"end":{"line":109,"column":55},"skip":true},"28":{"start":{"line":110,"column":12},"end":{"line":110,"column":48},"skip":true},"29":{"start":{"line":113,"column":8},"end":{"line":125,"column":10},"skip":true},"30":{"start":{"line":120,"column":12},"end":{"line":120,"column":76},"skip":true},"31":{"start":{"line":121,"column":12},"end":{"line":121,"column":73},"skip":true},"32":{"start":{"line":122,"column":12},"end":{"line":122,"column":74},"skip":true},"33":{"start":{"line":123,"column":12},"end":{"line":123,"column":25},"skip":true},"34":{"start":{"line":124,"column":12},"end":{"line":124,"column":45},"skip":true},"35":{"start":{"line":127,"column":8},"end":{"line":136,"column":10},"skip":true},"36":{"start":{"line":134,"column":12},"end":{"line":134,"column":25},"skip":true},"37":{"start":{"line":135,"column":12},"end":{"line":135,"column":45},"skip":true},"38":{"start":{"line":138,"column":8},"end":{"line":147,"column":10},"skip":true},"39":{"start":{"line":145,"column":12},"end":{"line":145,"column":25},"skip":true},"40":{"start":{"line":146,"column":12},"end":{"line":146,"column":48},"skip":true},"41":{"start":{"line":149,"column":8},"end":{"line":158,"column":10},"skip":true},"42":{"start":{"line":156,"column":12},"end":{"line":156,"column":25},"skip":true},"43":{"start":{"line":157,"column":12},"end":{"line":157,"column":46},"skip":true},"44":{"start":{"line":160,"column":8},"end":{"line":169,"column":10},"skip":true},"45":{"start":{"line":167,"column":12},"end":{"line":167,"column":94},"skip":true},"46":{"start":{"line":168,"column":12},"end":{"line":168,"column":48},"skip":true},"47":{"start":{"line":172,"column":8},"end":{"line":172,"column":35},"skip":true},"48":{"start":{"line":173,"column":8},"end":{"line":173,"column":14},"skip":true}},"branchMap":{"1":{"line":25,"type":"binary-expr","locations":[{"start":{"line":25,"column":23},"end":{"line":25,"column":62}},{"start":{"line":26,"column":20},"end":{"line":26,"column":70}},{"start":{"line":27,"column":20},"end":{"line":27,"column":71}},{"start":{"line":28,"column":20},"end":{"line":28,"column":29}}]},"2":{"line":30,"type":"binary-expr","locations":[{"start":{"line":30,"column":23},"end":{"line":30,"column":37}},{"start":{"line":31,"column":20},"end":{"line":31,"column":61}},{"start":{"line":32,"column":20},"end":{"line":32,"column":70}},{"start":{"line":33,"column":20},"end":{"line":33,"column":26}}]},"3":{"line":37,"type":"cond-expr","locations":[{"start":{"line":38,"column":14},"end":{"line":38,"column":20}},{"start":{"line":39,"column":14},"end":{"line":39,"column":20}}]},"4":{"line":40,"type":"switch","locations":[{"start":{"line":42,"column":8},"end":{"line":47,"column":18}},{"start":{"line":49,"column":8},"end":{"line":52,"column":18}}]},"5":{"line":44,"type":"binary-expr","locations":[{"start":{"line":44,"column":16},"end":{"line":44,"column":44}},{"start":{"line":44,"column":48},"end":{"line":44,"column":66}}]},"6":{"line":50,"type":"binary-expr","locations":[{"start":{"line":50,"column":21},"end":{"line":50,"column":49}},{"start":{"line":50,"column":53},"end":{"line":50,"column":72}}]},"7":{"line":64,"type":"switch","locations":[{"start":{"line":69,"column":4},"end":{"line":70,"column":14}},{"start":{"line":75,"column":4},"end":{"line":76,"column":14}}]},"8":{"line":85,"type":"switch","locations":[{"start":{"line":90,"column":4},"end":{"line":95,"column":14}},{"start":{"line":101,"column":4},"end":{"line":173,"column":14},"skip":true}]},"9":{"line":92,"type":"binary-expr","locations":[{"start":{"line":92,"column":18},"end":{"line":92,"column":32}},{"start":{"line":93,"column":12},"end":{"line":93,"column":53}},{"start":{"line":94,"column":12},"end":{"line":94,"column":61}}]},"10":{"line":102,"type":"binary-expr","locations":[{"start":{"line":102,"column":45},"end":{"line":102,"column":79},"skip":true},{"start":{"line":102,"column":83},"end":{"line":111,"column":9},"skip":true}]},"11":{"line":113,"type":"binary-expr","locations":[{"start":{"line":113,"column":42},"end":{"line":113,"column":73},"skip":true},{"start":{"line":113,"column":77},"end":{"line":125,"column":9},"skip":true}]},"12":{"line":127,"type":"binary-expr","locations":[{"start":{"line":127,"column":42},"end":{"line":127,"column":73},"skip":true},{"start":{"line":127,"column":77},"end":{"line":136,"column":9},"skip":true}]},"13":{"line":138,"type":"binary-expr","locations":[{"start":{"line":138,"column":45},"end":{"line":138,"column":79},"skip":true},{"start":{"line":138,"column":83},"end":{"line":147,"column":9},"skip":true}]},"14":{"line":149,"type":"binary-expr","locations":[{"start":{"line":149,"column":43},"end":{"line":149,"column":75},"skip":true},{"start":{"line":149,"column":79},"end":{"line":158,"column":9},"skip":true}]},"15":{"line":160,"type":"binary-expr","locations":[{"start":{"line":160,"column":41},"end":{"line":160,"column":71},"skip":true},{"start":{"line":160,"column":75},"end":{"line":169,"column":9},"skip":true}]}},"code":["/* istanbul instrument in package npmtest_auto_install */","/*jslint","    bitwise: true,","    browser: true,","    maxerr: 8,","    maxlen: 96,","    node: true,","    nomen: true,","    regexp: true,","    stupid: true","*/","(function () {","    'use strict';","    var local;","","","","    // run shared js-env code - pre-init","    (function () {","        // init local","        local = {};","        // init modeJs","        local.modeJs = (function () {","            try {","                return typeof navigator.userAgent === 'string' &&","                    typeof document.querySelector('body') === 'object' &&","                    typeof XMLHttpRequest.prototype.open === 'function' &&","                    'browser';","            } catch (errorCaughtBrowser) {","                return module.exports &&","                    typeof process.versions.node === 'string' &&","                    typeof require('http').createServer === 'function' &&","                    'node';","            }","        }());","        // init global","        local.global = local.modeJs === 'browser'","            ? window","            : global;","        switch (local.modeJs) {","        // re-init local from window.local","        case 'browser':","            local = local.global.utility2.objectSetDefault(","                local.global.utility2_rollup || local.global.local,","                local.global.utility2","            );","            break;","        // re-init local from example.js","        case 'node':","            local = (local.global.utility2_rollup || require('utility2'))","                .requireExampleJsFromReadme();","            break;","        }","        // export local","        local.global.local = local;","    }());","","","","    // run shared js-env code - function","    (function () {","        return;","    }());","    switch (local.modeJs) {","","","","    // run browser js-env code - function","    case 'browser':","        break;","","","","    // run node js-env code - function","    case 'node':","        break;","    }","","","","    // run shared js-env code - post-init","    (function () {","        return;","    }());","    switch (local.modeJs) {","","","","    // run browser js-env code - post-init","    case 'browser':","        // run tests","        local.nop(local.modeTest &&","            document.querySelector('#testRunButton1') &&","            document.querySelector('#testRunButton1').click());","        break;","","","","    // run node js-env code - post-init","    /* istanbul ignore next */","    case 'node':","        local.testCase_buildApidoc_default = local.testCase_buildApidoc_default || function (","            options,","            onError","        ) {","        /*","         * this function will test buildApidoc's default handling-behavior-behavior","         */","            options = { modulePathList: module.paths };","            local.buildApidoc(options, onError);","        };","","        local.testCase_buildApp_default = local.testCase_buildApp_default || function (","            options,","            onError","        ) {","        /*","         * this function will test buildApp's default handling-behavior-behavior","         */","            local.testCase_buildReadme_default(options, local.onErrorThrow);","            local.testCase_buildLib_default(options, local.onErrorThrow);","            local.testCase_buildTest_default(options, local.onErrorThrow);","            options = [];","            local.buildApp(options, onError);","        };","","        local.testCase_buildLib_default = local.testCase_buildLib_default || function (","            options,","            onError","        ) {","        /*","         * this function will test buildLib's default handling-behavior","         */","            options = {};","            local.buildLib(options, onError);","        };","","        local.testCase_buildReadme_default = local.testCase_buildReadme_default || function (","            options,","            onError","        ) {","        /*","         * this function will test buildReadme's default handling-behavior-behavior","         */","            options = {};","            local.buildReadme(options, onError);","        };","","        local.testCase_buildTest_default = local.testCase_buildTest_default || function (","            options,","            onError","        ) {","        /*","         * this function will test buildTest's default handling-behavior","         */","            options = {};","            local.buildTest(options, onError);","        };","","        local.testCase_webpage_default = local.testCase_webpage_default || function (","            options,","            onError","        ) {","        /*","         * this function will test webpage's default handling-behavior","         */","            options = { modeCoverageMerge: true, url: local.serverLocalHost + '?modeTest=1' };","            local.browserTest(options, onError);","        };","","        // run test-server","        local.testRunServer(local);","        break;","    }","}());",""],"l":{"12":2,"14":2,"19":2,"21":2,"23":2,"24":2,"25":2,"30":1,"37":2,"40":2,"43":1,"47":1,"50":1,"52":1,"55":2,"61":2,"62":2,"64":2,"70":1,"76":1,"82":2,"83":2,"85":2,"92":1,"95":1,"102":1,"109":1,"110":1,"113":1,"120":1,"121":1,"122":1,"123":1,"124":1,"127":1,"134":2,"135":2,"138":1,"145":2,"146":2,"149":1,"156":2,"157":2,"160":1,"167":1,"168":1,"172":1,"173":1}},"/home/travis/build/npmtest/node-npmtest-auto-install/lib.npmtest_auto_install.js":{"path":"/home/travis/build/npmtest/node-npmtest-auto-install/lib.npmtest_auto_install.js","s":{"1":2,"2":2,"3":2,"4":2,"5":2,"6":2,"7":2,"8":1,"9":2,"10":2,"11":2,"12":2,"13":1,"14":1,"15":1,"16":1},"b":{"1":[2,1,1,1],"2":[1,1,1,1],"3":[1,1],"4":[2,2],"5":[1,1]},"f":{"1":2,"2":2,"3":2},"fnMap":{"1":{"name":"(anonymous_1)","line":12,"loc":{"start":{"line":12,"column":1},"end":{"line":12,"column":13}}},"2":{"name":"(anonymous_2)","line":19,"loc":{"start":{"line":19,"column":5},"end":{"line":19,"column":17}}},"3":{"name":"(anonymous_3)","line":23,"loc":{"start":{"line":23,"column":24},"end":{"line":23,"column":36}}}},"statementMap":{"1":{"start":{"line":12,"column":0},"end":{"line":53,"column":5}},"2":{"start":{"line":14,"column":4},"end":{"line":14,"column":14}},"3":{"start":{"line":19,"column":4},"end":{"line":52,"column":9}},"4":{"start":{"line":21,"column":8},"end":{"line":21,"column":19}},"5":{"start":{"line":23,"column":8},"end":{"line":35,"column":13}},"6":{"start":{"line":24,"column":12},"end":{"line":34,"column":13}},"7":{"start":{"line":25,"column":16},"end":{"line":28,"column":30}},"8":{"start":{"line":30,"column":16},"end":{"line":33,"column":27}},"9":{"start":{"line":37,"column":8},"end":{"line":39,"column":21}},"10":{"start":{"line":41,"column":8},"end":{"line":41,"column":54}},"11":{"start":{"line":43,"column":8},"end":{"line":43,"column":57}},"12":{"start":{"line":45,"column":8},"end":{"line":51,"column":9}},"13":{"start":{"line":46,"column":12},"end":{"line":46,"column":63}},"14":{"start":{"line":48,"column":12},"end":{"line":48,"column":35}},"15":{"start":{"line":49,"column":12},"end":{"line":49,"column":49}},"16":{"start":{"line":50,"column":12},"end":{"line":50,"column":43}}},"branchMap":{"1":{"line":25,"type":"binary-expr","locations":[{"start":{"line":25,"column":23},"end":{"line":25,"column":62}},{"start":{"line":26,"column":20},"end":{"line":26,"column":70}},{"start":{"line":27,"column":20},"end":{"line":27,"column":71}},{"start":{"line":28,"column":20},"end":{"line":28,"column":29}}]},"2":{"line":30,"type":"binary-expr","locations":[{"start":{"line":30,"column":23},"end":{"line":30,"column":37}},{"start":{"line":31,"column":20},"end":{"line":31,"column":61}},{"start":{"line":32,"column":20},"end":{"line":32,"column":70}},{"start":{"line":33,"column":20},"end":{"line":33,"column":26}}]},"3":{"line":37,"type":"cond-expr","locations":[{"start":{"line":38,"column":14},"end":{"line":38,"column":20}},{"start":{"line":39,"column":14},"end":{"line":39,"column":20}}]},"4":{"line":41,"type":"binary-expr","locations":[{"start":{"line":41,"column":16},"end":{"line":41,"column":44}},{"start":{"line":41,"column":48},"end":{"line":41,"column":53}}]},"5":{"line":45,"type":"if","locations":[{"start":{"line":45,"column":8},"end":{"line":45,"column":8}},{"start":{"line":45,"column":8},"end":{"line":45,"column":8}}]}},"code":["/* istanbul instrument in package npmtest_auto_install */","/*jslint","    bitwise: true,","    browser: true,","    maxerr: 8,","    maxlen: 96,","    node: true,","    nomen: true,","    regexp: true,","    stupid: true","*/","(function () {","    'use strict';","    var local;","","","","    // run shared js-env code - pre-init","    (function () {","        // init local","        local = {};","        // init modeJs","        local.modeJs = (function () {","            try {","                return typeof navigator.userAgent === 'string' &&","                    typeof document.querySelector('body') === 'object' &&","                    typeof XMLHttpRequest.prototype.open === 'function' &&","                    'browser';","            } catch (errorCaughtBrowser) {","                return module.exports &&","                    typeof process.versions.node === 'string' &&","                    typeof require('http').createServer === 'function' &&","                    'node';","            }","        }());","        // init global","        local.global = local.modeJs === 'browser'","            ? window","            : global;","        // init utility2_rollup","        local = local.global.utility2_rollup || local;","        // init lib","        local.local = local.npmtest_auto_install = local;","        // init exports","        if (local.modeJs === 'browser') {","            local.global.utility2_npmtest_auto_install = local;","        } else {","            module.exports = local;","            module.exports.__dirname = __dirname;","            module.exports.module = module;","        }","    }());","}());",""],"l":{"12":2,"14":2,"19":2,"21":2,"23":2,"24":2,"25":2,"30":1,"37":2,"41":2,"43":2,"45":2,"46":1,"48":1,"49":1,"50":1}},"/home/travis/build/npmtest/node-npmtest-auto-install/example.js":{"path":"/home/travis/build/npmtest/node-npmtest-auto-install/example.js","s":{"1":2,"2":2,"3":2,"4":2,"5":2,"6":2,"7":2,"8":1,"9":2,"10":2,"11":2,"12":2,"13":1,"14":2,"15":2,"16":2,"17":2,"18":2,"19":0,"20":2,"21":1,"22":1,"23":1,"24":1,"25":1,"26":0,"27":0,"28":1,"29":1,"30":2,"31":0,"32":0,"33":0,"34":1,"35":2,"36":2,"37":2,"38":2,"39":2,"40":2,"41":0,"42":2,"43":2,"44":2,"45":1,"46":3,"47":1,"48":1,"49":1,"50":1,"51":1,"52":1,"53":1,"54":1,"55":1,"56":1,"57":0,"58":1,"59":6,"60":6,"61":1,"62":2,"63":0,"64":2,"65":1,"66":1,"67":0,"68":0,"69":0,"70":0,"71":0,"72":0,"73":0,"74":0,"75":0,"76":0,"77":0,"78":0,"79":0,"80":0,"81":0,"82":0,"83":0},"b":{"1":[2,1,1,1],"2":[1,1,1,1],"3":[1,1],"4":[2,2],"5":[1,1],"6":[1,1],"7":[2,0],"8":[2,1,1,1,1,1],"9":[0,2,0],"10":[1,1],"11":[2,1,1],"12":[1,0],"13":[0,2],"14":[2,0,0,0,0,0,0],"15":[0,2],"16":[2,0],"17":[1,1],"18":[0,1],"19":[1,2,0,2],"20":[1,0],"21":[1,1],"22":[0,0],"23":[0,0],"24":[0,0],"25":[0,0],"26":[0,0],"27":[0,0],"28":[0,0]},"f":{"1":2,"2":2,"3":2,"4":2,"5":2,"6":2,"7":2,"8":2,"9":3,"10":1,"11":6,"12":0},"fnMap":{"1":{"name":"(anonymous_1)","line":26,"loc":{"start":{"line":26,"column":1},"end":{"line":26,"column":13}}},"2":{"name":"(anonymous_2)","line":33,"loc":{"start":{"line":33,"column":5},"end":{"line":33,"column":17}}},"3":{"name":"(anonymous_3)","line":37,"loc":{"start":{"line":37,"column":24},"end":{"line":37,"column":36}}},"4":{"name":"(anonymous_4)","line":69,"loc":{"start":{"line":69,"column":31},"end":{"line":69,"column":48}},"skip":true},"5":{"name":"(anonymous_5)","line":78,"loc":{"start":{"line":78,"column":26},"end":{"line":78,"column":45}},"skip":true},"6":{"name":"(anonymous_6)","line":123,"loc":{"start":{"line":123,"column":33},"end":{"line":123,"column":48}},"skip":true},"7":{"name":"(anonymous_7)","line":125,"loc":{"start":{"line":125,"column":27},"end":{"line":125,"column":39}},"skip":true},"8":{"name":"(anonymous_8)","line":133,"loc":{"start":{"line":133,"column":59},"end":{"line":133,"column":74}},"skip":true},"9":{"name":"(anonymous_9)","line":143,"loc":{"start":{"line":143,"column":45},"end":{"line":143,"column":62}},"skip":true},"10":{"name":"(anonymous_10)","line":144,"loc":{"start":{"line":144,"column":73},"end":{"line":144,"column":92}},"skip":true},"11":{"name":"(anonymous_11)","line":272,"loc":{"start":{"line":272,"column":51},"end":{"line":272,"column":77}},"skip":true},"12":{"name":"(anonymous_12)","line":314,"loc":{"start":{"line":314,"column":32},"end":{"line":314,"column":61}},"skip":true}},"statementMap":{"1":{"start":{"line":26,"column":0},"end":{"line":325,"column":5}},"2":{"start":{"line":28,"column":4},"end":{"line":28,"column":14}},"3":{"start":{"line":33,"column":4},"end":{"line":60,"column":9}},"4":{"start":{"line":35,"column":8},"end":{"line":35,"column":19}},"5":{"start":{"line":37,"column":8},"end":{"line":49,"column":13}},"6":{"start":{"line":38,"column":12},"end":{"line":48,"column":13}},"7":{"start":{"line":39,"column":16},"end":{"line":42,"column":30}},"8":{"start":{"line":44,"column":16},"end":{"line":47,"column":27}},"9":{"start":{"line":51,"column":8},"end":{"line":53,"column":21}},"10":{"start":{"line":55,"column":8},"end":{"line":57,"column":45}},"11":{"start":{"line":59,"column":8},"end":{"line":59,"column":35}},"12":{"start":{"line":61,"column":4},"end":{"line":324,"column":5}},"13":{"start":{"line":69,"column":8},"end":{"line":121,"column":10},"skip":true},"14":{"start":{"line":70,"column":12},"end":{"line":88,"column":13},"skip":true},"15":{"start":{"line":76,"column":16},"end":{"line":87,"column":19},"skip":true},"16":{"start":{"line":79,"column":20},"end":{"line":86,"column":21},"skip":true},"17":{"start":{"line":82,"column":24},"end":{"line":82,"column":43},"skip":true},"18":{"start":{"line":83,"column":24},"end":{"line":83,"column":30},"skip":true},"19":{"start":{"line":85,"column":24},"end":{"line":85,"column":49},"skip":true},"20":{"start":{"line":89,"column":12},"end":{"line":107,"column":13},"skip":true},"21":{"start":{"line":92,"column":16},"end":{"line":102,"column":17},"skip":true},"22":{"start":{"line":93,"column":20},"end":{"line":93,"column":86},"skip":true},"23":{"start":{"line":94,"column":20},"end":{"line":95,"column":45},"skip":true},"24":{"start":{"line":96,"column":20},"end":{"line":96,"column":42},"skip":true},"25":{"start":{"line":97,"column":20},"end":{"line":97,"column":48},"skip":true},"26":{"start":{"line":100,"column":20},"end":{"line":100,"column":85},"skip":true},"27":{"start":{"line":101,"column":20},"end":{"line":101,"column":96},"skip":true},"28":{"start":{"line":103,"column":16},"end":{"line":103,"column":22},"skip":true},"29":{"start":{"line":106,"column":16},"end":{"line":106,"column":22},"skip":true},"30":{"start":{"line":108,"column":12},"end":{"line":120,"column":13},"skip":true},"31":{"start":{"line":114,"column":16},"end":{"line":119,"column":17},"skip":true},"32":{"start":{"line":116,"column":20},"end":{"line":116,"column":78},"skip":true},"33":{"start":{"line":118,"column":20},"end":{"line":118,"column":53},"skip":true},"34":{"start":{"line":123,"column":8},"end":{"line":141,"column":11},"skip":true},"35":{"start":{"line":124,"column":12},"end":{"line":124,"column":54},"skip":true},"36":{"start":{"line":125,"column":12},"end":{"line":140,"column":14},"skip":true},"37":{"start":{"line":126,"column":16},"end":{"line":126,"column":28},"skip":true},"38":{"start":{"line":127,"column":16},"end":{"line":127,"column":69},"skip":true},"39":{"start":{"line":128,"column":16},"end":{"line":128,"column":75},"skip":true},"40":{"start":{"line":129,"column":16},"end":{"line":131,"column":17},"skip":true},"41":{"start":{"line":130,"column":20},"end":{"line":130,"column":27},"skip":true},"42":{"start":{"line":133,"column":16},"end":{"line":137,"column":36},"skip":true},"43":{"start":{"line":134,"column":20},"end":{"line":136,"column":55},"skip":true},"44":{"start":{"line":139,"column":16},"end":{"line":139,"column":57},"skip":true},"45":{"start":{"line":143,"column":8},"end":{"line":147,"column":11},"skip":true},"46":{"start":{"line":144,"column":12},"end":{"line":146,"column":15},"skip":true},"47":{"start":{"line":145,"column":16},"end":{"line":145,"column":70},"skip":true},"48":{"start":{"line":149,"column":8},"end":{"line":149,"column":31},"skip":true},"49":{"start":{"line":150,"column":8},"end":{"line":150,"column":14},"skip":true},"50":{"start":{"line":158,"column":8},"end":{"line":158,"column":31},"skip":true},"51":{"start":{"line":160,"column":8},"end":{"line":160,"column":33},"skip":true},"52":{"start":{"line":161,"column":8},"end":{"line":161,"column":37},"skip":true},"53":{"start":{"line":162,"column":8},"end":{"line":162,"column":35},"skip":true},"54":{"start":{"line":164,"column":8},"end":{"line":164,"column":50},"skip":true},"55":{"start":{"line":166,"column":8},"end":{"line":256,"column":2},"skip":true},"56":{"start":{"line":258,"column":8},"end":{"line":286,"column":9},"skip":true},"57":{"start":{"line":259,"column":12},"end":{"line":269,"column":14},"skip":true},"58":{"start":{"line":271,"column":12},"end":{"line":285,"column":19},"skip":true},"59":{"start":{"line":274,"column":20},"end":{"line":274,"column":35},"skip":true},"60":{"start":{"line":275,"column":20},"end":{"line":284,"column":21},"skip":true},"61":{"start":{"line":277,"column":24},"end":{"line":277,"column":64},"skip":true},"62":{"start":{"line":279,"column":24},"end":{"line":279,"column":40},"skip":true},"63":{"start":{"line":281,"column":24},"end":{"line":281,"column":40},"skip":true},"64":{"start":{"line":283,"column":24},"end":{"line":283,"column":39},"skip":true},"65":{"start":{"line":288,"column":8},"end":{"line":290,"column":9},"skip":true},"66":{"start":{"line":289,"column":12},"end":{"line":289,"column":18},"skip":true},"67":{"start":{"line":291,"column":8},"end":{"line":293,"column":54},"skip":true},"68":{"start":{"line":294,"column":8},"end":{"line":301,"column":37},"skip":true},"69":{"start":{"line":302,"column":8},"end":{"line":302,"column":82},"skip":true},"70":{"start":{"line":305,"column":8},"end":{"line":307,"column":9},"skip":true},"71":{"start":{"line":306,"column":12},"end":{"line":306,"column":82},"skip":true},"72":{"start":{"line":309,"column":8},"end":{"line":311,"column":9},"skip":true},"73":{"start":{"line":310,"column":12},"end":{"line":310,"column":18},"skip":true},"74":{"start":{"line":312,"column":8},"end":{"line":312,"column":54},"skip":true},"75":{"start":{"line":313,"column":8},"end":{"line":313,"column":69},"skip":true},"76":{"start":{"line":314,"column":8},"end":{"line":322,"column":36},"skip":true},"77":{"start":{"line":315,"column":12},"end":{"line":315,"column":61},"skip":true},"78":{"start":{"line":316,"column":12},"end":{"line":319,"column":13},"skip":true},"79":{"start":{"line":317,"column":16},"end":{"line":317,"column":75},"skip":true},"80":{"start":{"line":318,"column":16},"end":{"line":318,"column":23},"skip":true},"81":{"start":{"line":320,"column":12},"end":{"line":320,"column":38},"skip":true},"82":{"start":{"line":321,"column":12},"end":{"line":321,"column":27},"skip":true},"83":{"start":{"line":323,"column":8},"end":{"line":323,"column":14},"skip":true}},"branchMap":{"1":{"line":39,"type":"binary-expr","locations":[{"start":{"line":39,"column":23},"end":{"line":39,"column":62}},{"start":{"line":40,"column":20},"end":{"line":40,"column":70}},{"start":{"line":41,"column":20},"end":{"line":41,"column":71}},{"start":{"line":42,"column":20},"end":{"line":42,"column":29}}]},"2":{"line":44,"type":"binary-expr","locations":[{"start":{"line":44,"column":23},"end":{"line":44,"column":37}},{"start":{"line":45,"column":20},"end":{"line":45,"column":61}},{"start":{"line":46,"column":20},"end":{"line":46,"column":70}},{"start":{"line":47,"column":20},"end":{"line":47,"column":26}}]},"3":{"line":51,"type":"cond-expr","locations":[{"start":{"line":52,"column":14},"end":{"line":52,"column":20}},{"start":{"line":53,"column":14},"end":{"line":53,"column":20}}]},"4":{"line":55,"type":"binary-expr","locations":[{"start":{"line":55,"column":16},"end":{"line":55,"column":44}},{"start":{"line":55,"column":49},"end":{"line":57,"column":43}}]},"5":{"line":55,"type":"cond-expr","locations":[{"start":{"line":56,"column":14},"end":{"line":56,"column":56}},{"start":{"line":57,"column":14},"end":{"line":57,"column":43}}]},"6":{"line":61,"type":"switch","locations":[{"start":{"line":68,"column":4},"end":{"line":150,"column":14},"skip":true},{"start":{"line":156,"column":4},"end":{"line":323,"column":14},"skip":true}]},"7":{"line":70,"type":"if","locations":[{"start":{"line":70,"column":12},"end":{"line":70,"column":12},"skip":true},{"start":{"line":70,"column":12},"end":{"line":70,"column":12},"skip":true}]},"8":{"line":70,"type":"binary-expr","locations":[{"start":{"line":70,"column":16},"end":{"line":70,"column":22},"skip":true},{"start":{"line":70,"column":27},"end":{"line":70,"column":32},"skip":true},{"start":{"line":71,"column":20},"end":{"line":71,"column":39},"skip":true},{"start":{"line":72,"column":20},"end":{"line":72,"column":49},"skip":true},{"start":{"line":73,"column":20},"end":{"line":73,"column":58},"skip":true},{"start":{"line":74,"column":20},"end":{"line":74,"column":69},"skip":true}]},"9":{"line":79,"type":"switch","locations":[{"start":{"line":80,"column":20},"end":{"line":80,"column":33},"skip":true},{"start":{"line":81,"column":20},"end":{"line":83,"column":30},"skip":true},{"start":{"line":84,"column":20},"end":{"line":85,"column":49},"skip":true}]},"10":{"line":89,"type":"switch","locations":[{"start":{"line":90,"column":12},"end":{"line":103,"column":22},"skip":true},{"start":{"line":105,"column":12},"end":{"line":106,"column":22},"skip":true}]},"11":{"line":89,"type":"binary-expr","locations":[{"start":{"line":89,"column":20},"end":{"line":89,"column":25},"skip":true},{"start":{"line":89,"column":29},"end":{"line":89,"column":48},"skip":true},{"start":{"line":89,"column":52},"end":{"line":89,"column":74},"skip":true}]},"12":{"line":92,"type":"if","locations":[{"start":{"line":92,"column":16},"end":{"line":92,"column":16},"skip":true},{"start":{"line":92,"column":16},"end":{"line":92,"column":16},"skip":true}]},"13":{"line":108,"type":"if","locations":[{"start":{"line":108,"column":12},"end":{"line":108,"column":12},"skip":true},{"start":{"line":108,"column":12},"end":{"line":108,"column":12},"skip":true}]},"14":{"line":108,"type":"binary-expr","locations":[{"start":{"line":108,"column":16},"end":{"line":108,"column":61},"skip":true},{"start":{"line":108,"column":66},"end":{"line":108,"column":72},"skip":true},{"start":{"line":108,"column":77},"end":{"line":108,"column":82},"skip":true},{"start":{"line":109,"column":20},"end":{"line":109,"column":39},"skip":true},{"start":{"line":110,"column":20},"end":{"line":110,"column":49},"skip":true},{"start":{"line":111,"column":20},"end":{"line":111,"column":58},"skip":true},{"start":{"line":112,"column":20},"end":{"line":112,"column":68},"skip":true}]},"15":{"line":129,"type":"if","locations":[{"start":{"line":129,"column":16},"end":{"line":129,"column":16},"skip":true},{"start":{"line":129,"column":16},"end":{"line":129,"column":16},"skip":true}]},"16":{"line":134,"type":"cond-expr","locations":[{"start":{"line":135,"column":26},"end":{"line":135,"column":29},"skip":true},{"start":{"line":136,"column":26},"end":{"line":136,"column":54},"skip":true}]},"17":{"line":164,"type":"binary-expr","locations":[{"start":{"line":164,"column":27},"end":{"line":164,"column":43},"skip":true},{"start":{"line":164,"column":47},"end":{"line":164,"column":49},"skip":true}]},"18":{"line":258,"type":"if","locations":[{"start":{"line":258,"column":8},"end":{"line":258,"column":8},"skip":true},{"start":{"line":258,"column":8},"end":{"line":258,"column":8},"skip":true}]},"19":{"line":275,"type":"switch","locations":[{"start":{"line":276,"column":20},"end":{"line":277,"column":64},"skip":true},{"start":{"line":278,"column":20},"end":{"line":279,"column":40},"skip":true},{"start":{"line":280,"column":20},"end":{"line":281,"column":40},"skip":true},{"start":{"line":282,"column":20},"end":{"line":283,"column":39},"skip":true}]},"20":{"line":288,"type":"if","locations":[{"start":{"line":288,"column":8},"end":{"line":288,"column":8},"skip":true},{"start":{"line":288,"column":8},"end":{"line":288,"column":8},"skip":true}]},"21":{"line":288,"type":"binary-expr","locations":[{"start":{"line":288,"column":12},"end":{"line":288,"column":40},"skip":true},{"start":{"line":288,"column":44},"end":{"line":288,"column":67},"skip":true}]},"22":{"line":292,"type":"binary-expr","locations":[{"start":{"line":292,"column":12},"end":{"line":292,"column":50},"skip":true},{"start":{"line":293,"column":12},"end":{"line":293,"column":53},"skip":true}]},"23":{"line":295,"type":"binary-expr","locations":[{"start":{"line":295,"column":12},"end":{"line":295,"column":70},"skip":true},{"start":{"line":296,"column":12},"end":{"line":301,"column":36},"skip":true}]},"24":{"line":302,"type":"binary-expr","locations":[{"start":{"line":302,"column":43},"end":{"line":302,"column":75},"skip":true},{"start":{"line":302,"column":79},"end":{"line":302,"column":81},"skip":true}]},"25":{"line":305,"type":"if","locations":[{"start":{"line":305,"column":8},"end":{"line":305,"column":8},"skip":true},{"start":{"line":305,"column":8},"end":{"line":305,"column":8},"skip":true}]},"26":{"line":309,"type":"if","locations":[{"start":{"line":309,"column":8},"end":{"line":309,"column":8},"skip":true},{"start":{"line":309,"column":8},"end":{"line":309,"column":8},"skip":true}]},"27":{"line":312,"type":"binary-expr","locations":[{"start":{"line":312,"column":27},"end":{"line":312,"column":43},"skip":true},{"start":{"line":312,"column":47},"end":{"line":312,"column":53},"skip":true}]},"28":{"line":316,"type":"if","locations":[{"start":{"line":316,"column":12},"end":{"line":316,"column":12},"skip":true},{"start":{"line":316,"column":12},"end":{"line":316,"column":12},"skip":true}]}},"code":["/*","example.js","","quickstart example","","instruction","    1. save this script as example.js","    2. run the shell command:","        $ npm install npmtest-auto-install && PORT=8081 node example.js","    3. play with the browser-demo on http://127.0.0.1:8081","*/","","","","/* istanbul instrument in package npmtest_auto_install */","/*jslint","    bitwise: true,","    browser: true,","    maxerr: 8,","    maxlen: 96,","    node: true,","    nomen: true,","    regexp: true,","    stupid: true","*/","(function () {","    'use strict';","    var local;","","","","    // run shared js-env code - pre-init","    (function () {","        // init local","        local = {};","        // init modeJs","        local.modeJs = (function () {","            try {","                return typeof navigator.userAgent === 'string' &&","                    typeof document.querySelector('body') === 'object' &&","                    typeof XMLHttpRequest.prototype.open === 'function' &&","                    'browser';","            } catch (errorCaughtBrowser) {","                return module.exports &&","                    typeof process.versions.node === 'string' &&","                    typeof require('http').createServer === 'function' &&","                    'node';","            }","        }());","        // init global","        local.global = local.modeJs === 'browser'","            ? window","            : global;","        // init utility2_rollup","        local = local.global.utility2_rollup || (local.modeJs === 'browser'","            ? local.global.utility2_npmtest_auto_install","            : global.utility2_moduleExports);","        // export local","        local.global.local = local;","    }());","    switch (local.modeJs) {","","","","    // post-init","    // run browser js-env code - post-init","    /* istanbul ignore next */","    case 'browser':","        local.testRunBrowser = function (event) {","            if (!event || (event &&","                    event.currentTarget &&","                    event.currentTarget.className &&","                    event.currentTarget.className.includes &&","                    event.currentTarget.className.includes('onreset'))) {","                // reset output","                Array.from(","                    document.querySelectorAll('body > .resettable')","                ).forEach(function (element) {","                    switch (element.tagName) {","                    case 'INPUT':","                    case 'TEXTAREA':","                        element.value = '';","                        break;","                    default:","                        element.textContent = '';","                    }","                });","            }","            switch (event && event.currentTarget && event.currentTarget.id) {","            case 'testRunButton1':","                // show tests","                if (document.querySelector('#testReportDiv1').style.display === 'none') {","                    document.querySelector('#testReportDiv1').style.display = 'block';","                    document.querySelector('#testRunButton1').textContent =","                        'hide internal test';","                    local.modeTest = true;","                    local.testRunDefault(local);","                // hide tests","                } else {","                    document.querySelector('#testReportDiv1').style.display = 'none';","                    document.querySelector('#testRunButton1').textContent = 'run internal test';","                }","                break;","            // custom-case","            default:","                break;","            }","            if (document.querySelector('#inputTextareaEval1') && (!event || (event &&","                    event.currentTarget &&","                    event.currentTarget.className &&","                    event.currentTarget.className.includes &&","                    event.currentTarget.className.includes('oneval')))) {","                // try to eval input-code","                try {","                    /*jslint evil: true*/","                    eval(document.querySelector('#inputTextareaEval1').value);","                } catch (errorCaught) {","                    console.error(errorCaught.stack);","                }","            }","        };","        // log stderr and stdout to #outputTextareaStdout1","        ['error', 'log'].forEach(function (key) {","            console[key + '_original'] = console[key];","            console[key] = function () {","                var element;","                console[key + '_original'].apply(console, arguments);","                element = document.querySelector('#outputTextareaStdout1');","                if (!element) {","                    return;","                }","                // append text to #outputTextareaStdout1","                element.value += Array.from(arguments).map(function (arg) {","                    return typeof arg === 'string'","                        ? arg","                        : JSON.stringify(arg, null, 4);","                }).join(' ') + '\\n';","                // scroll textarea to bottom","                element.scrollTop = element.scrollHeight;","            };","        });","        // init event-handling","        ['change', 'click', 'keyup'].forEach(function (event) {","            Array.from(document.querySelectorAll('.on' + event)).forEach(function (element) {","                element.addEventListener(event, local.testRunBrowser);","            });","        });","        // run tests","        local.testRunBrowser();","        break;","","","","    // run node js-env code - post-init","    /* istanbul ignore next */","    case 'node':","        // export local","        module.exports = local;","        // require modules","        local.fs = require('fs');","        local.http = require('http');","        local.url = require('url');","        // init assets","        local.assetsDict = local.assetsDict || {};","        /* jslint-ignore-begin */","        local.assetsDict['/assets.index.template.html'] = '\\","<!doctype html>\\n\\","<html lang=\"en\">\\n\\","<head>\\n\\","<meta charset=\"UTF-8\">\\n\\","<meta name=\"viewport\" content=\"width=device-width, initial-scale=1\">\\n\\","<title>{{env.npm_package_name}} (v{{env.npm_package_version}})</title>\\n\\","<style>\\n\\","/*csslint\\n\\","    box-sizing: false,\\n\\","    universal-selector: false\\n\\","*/\\n\\","* {\\n\\","    box-sizing: border-box;\\n\\","}\\n\\","body {\\n\\","    background: #dde;\\n\\","    font-family: Arial, Helvetica, sans-serif;\\n\\","    margin: 2rem;\\n\\","}\\n\\","body > * {\\n\\","    margin-bottom: 1rem;\\n\\","}\\n\\",".utility2FooterDiv {\\n\\","    margin-top: 20px;\\n\\","    text-align: center;\\n\\","}\\n\\","</style>\\n\\","<style>\\n\\","/*csslint\\n\\","*/\\n\\","textarea {\\n\\","    font-family: monospace;\\n\\","    height: 10rem;\\n\\","    width: 100%;\\n\\","}\\n\\","textarea[readonly] {\\n\\","    background: #ddd;\\n\\","}\\n\\","</style>\\n\\","</head>\\n\\","<body>\\n\\","<!-- utility2-comment\\n\\","<div id=\"ajaxProgressDiv1\" style=\"background: #d00; height: 2px; left: 0; margin: 0; padding: 0; position: fixed; top: 0; transition: background 0.5s, width 1.5s; width: 25%;\"></div>\\n\\","utility2-comment -->\\n\\","<h1>\\n\\","<!-- utility2-comment\\n\\","    <a\\n\\","        {{#if env.npm_package_homepage}}\\n\\","        href=\"{{env.npm_package_homepage}}\"\\n\\","        {{/if env.npm_package_homepage}}\\n\\","        target=\"_blank\"\\n\\","    >\\n\\","utility2-comment -->\\n\\","        {{env.npm_package_name}} (v{{env.npm_package_version}})\\n\\","<!-- utility2-comment\\n\\","    </a>\\n\\","utility2-comment -->\\n\\","</h1>\\n\\","<h3>{{env.npm_package_description}}</h3>\\n\\","<!-- utility2-comment\\n\\","<h4><a download href=\"assets.app.js\">download standalone app</a></h4>\\n\\","<button class=\"onclick onreset\" id=\"testRunButton1\">run internal test</button><br>\\n\\","<div id=\"testReportDiv1\" style=\"display: none;\"></div>\\n\\","utility2-comment -->\\n\\","\\n\\","\\n\\","\\n\\","<label>stderr and stdout</label>\\n\\","<textarea class=\"resettable\" id=\"outputTextareaStdout1\" readonly></textarea>\\n\\","<!-- utility2-comment\\n\\","{{#if isRollup}}\\n\\","<script src=\"assets.app.js\"></script>\\n\\","{{#unless isRollup}}\\n\\","utility2-comment -->\\n\\","<script src=\"assets.utility2.rollup.js\"></script>\\n\\","<script src=\"jsonp.utility2._stateInit?callback=window.utility2._stateInit\"></script>\\n\\","<script src=\"assets.npmtest_auto_install.rollup.js\"></script>\\n\\","<script src=\"assets.example.js\"></script>\\n\\","<script src=\"assets.test.js\"></script>\\n\\","<!-- utility2-comment\\n\\","{{/if isRollup}}\\n\\","utility2-comment -->\\n\\","<div class=\"utility2FooterDiv\">\\n\\","    [ this app was created with\\n\\","    <a href=\"https://github.com/kaizhu256/node-utility2\" target=\"_blank\">utility2</a>\\n\\","    ]\\n\\","</div>\\n\\","</body>\\n\\","</html>\\n\\","';","        /* jslint-ignore-end */","        if (local.templateRender) {","            local.assetsDict['/'] = local.templateRender(","                local.assetsDict['/assets.index.template.html'],","                {","                    env: local.objectSetDefault(local.env, {","                        npm_package_description: 'the greatest app in the world!',","                        npm_package_name: 'my-app',","                        npm_package_nameAlias: 'my_app',","                        npm_package_version: '0.0.1'","                    })","                }","            );","        } else {","            local.assetsDict['/'] = local.assetsDict['/assets.index.template.html']","                .replace((/\\{\\{env\\.(\\w+?)\\}\\}/g), function (match0, match1) {","                    // jslint-hack","                    String(match0);","                    switch (match1) {","                    case 'npm_package_description':","                        return 'the greatest app in the world!';","                    case 'npm_package_name':","                        return 'my-app';","                    case 'npm_package_nameAlias':","                        return 'my_app';","                    case 'npm_package_version':","                        return '0.0.1';","                    }","                });","        }","        // run the cli","        if (local.global.utility2_rollup || module !== require.main) {","            break;","        }","        local.assetsDict['/assets.example.js'] =","            local.assetsDict['/assets.example.js'] ||","            local.fs.readFileSync(__filename, 'utf8');","        local.assetsDict['/assets.npmtest_auto_install.rollup.js'] =","            local.assetsDict['/assets.npmtest_auto_install.rollup.js'] ||","            local.fs.readFileSync(","                // buildCustomOrg-hack","                local.npmtest_auto_install.__dirname +","                    '/lib.npmtest_auto_install.js',","                'utf8'","            ).replace((/^#!/), '//');","        local.assetsDict['/favicon.ico'] = local.assetsDict['/favicon.ico'] || '';","        // if $npm_config_timeout_exit exists,","        // then exit this process after $npm_config_timeout_exit ms","        if (Number(process.env.npm_config_timeout_exit)) {","            setTimeout(process.exit, Number(process.env.npm_config_timeout_exit));","        }","        // start server","        if (local.global.utility2_serverHttp1) {","            break;","        }","        process.env.PORT = process.env.PORT || '8081';","        console.error('server starting on port ' + process.env.PORT);","        local.http.createServer(function (request, response) {","            request.urlParsed = local.url.parse(request.url);","            if (local.assetsDict[request.urlParsed.pathname] !== undefined) {","                response.end(local.assetsDict[request.urlParsed.pathname]);","                return;","            }","            response.statusCode = 404;","            response.end();","        }).listen(process.env.PORT);","        break;","    }","}());",""],"l":{"26":2,"28":2,"33":2,"35":2,"37":2,"38":2,"39":2,"44":1,"51":2,"55":2,"59":2,"61":2,"69":1,"70":2,"76":2,"79":2,"82":2,"83":2,"85":1,"89":2,"92":1,"93":1,"94":1,"96":1,"97":1,"100":1,"101":1,"103":1,"106":1,"108":2,"114":1,"116":1,"118":1,"123":1,"124":2,"125":2,"126":2,"127":2,"128":2,"129":2,"130":1,"133":2,"134":2,"139":2,"143":1,"144":3,"145":1,"149":1,"150":1,"158":1,"160":1,"161":1,"162":1,"164":1,"166":1,"258":1,"259":1,"271":1,"274":6,"275":6,"277":1,"279":2,"281":1,"283":2,"288":1,"289":1,"291":1,"294":1,"302":1,"305":1,"306":1,"309":1,"310":1,"312":1,"313":1,"314":1,"315":1,"316":1,"317":1,"318":1,"320":1,"321":1,"323":1}},"/home/travis/build/npmtest/node-npmtest-auto-install/auto-install/src/index.js":{"path":"/home/travis/build/npmtest/node-npmtest-auto-install/auto-install/src/index.js","s":{"1":1,"2":1,"3":1,"4":1,"5":1,"6":1,"7":1,"8":1,"9":0,"10":1,"11":1,"12":0,"13":1,"14":1,"15":1,"16":1,"17":1,"18":1,"19":1,"20":0,"21":0,"22":0,"23":1,"24":1,"25":1,"26":1,"27":1,"28":1,"29":1,"30":2,"31":1,"32":1,"33":26,"34":0,"35":26,"36":1,"37":1,"38":1,"39":1},"b":{"1":[0,1],"2":[0,1],"3":[0,1],"4":[1,0],"5":[0,26],"6":[1,0]},"f":{},"fnMap":{},"statementMap":{"1":{"start":{"line":3,"column":0},"end":{"line":3,"column":37}},"2":{"start":{"line":4,"column":0},"end":{"line":4,"column":37}},"3":{"start":{"line":5,"column":0},"end":{"line":5,"column":33}},"4":{"start":{"line":6,"column":0},"end":{"line":6,"column":35}},"5":{"start":{"line":8,"column":0},"end":{"line":8,"column":32}},"6":{"start":{"line":9,"column":0},"end":{"line":9,"column":9}},"7":{"start":{"line":13,"column":0},"end":{"line":13,"column":23}},"8":{"start":{"line":14,"column":0},"end":{"line":14,"column":35}},"9":{"start":{"line":14,"column":17},"end":{"line":14,"column":35}},"10":{"start":{"line":16,"column":0},"end":{"line":16,"column":25}},"11":{"start":{"line":17,"column":0},"end":{"line":17,"column":50}},"12":{"start":{"line":17,"column":28},"end":{"line":17,"column":50}},"13":{"start":{"line":23,"column":0},"end":{"line":32,"column":2}},"14":{"start":{"line":24,"column":4},"end":{"line":26,"column":7}},"15":{"start":{"line":27,"column":4},"end":{"line":28,"column":24}},"16":{"start":{"line":30,"column":4},"end":{"line":30,"column":31}},"17":{"start":{"line":31,"column":4},"end":{"line":31,"column":40}},"18":{"start":{"line":42,"column":0},"end":{"line":72,"column":2}},"19":{"start":{"line":43,"column":4},"end":{"line":47,"column":5}},"20":{"start":{"line":44,"column":8},"end":{"line":44,"column":63}},"21":{"start":{"line":45,"column":8},"end":{"line":45,"column":74}},"22":{"start":{"line":46,"column":8},"end":{"line":46,"column":15}},"23":{"start":{"line":49,"column":4},"end":{"line":49,"column":30}},"24":{"start":{"line":50,"column":4},"end":{"line":50,"column":53}},"25":{"start":{"line":52,"column":4},"end":{"line":52,"column":47}},"26":{"start":{"line":53,"column":4},"end":{"line":53,"column":61}},"27":{"start":{"line":57,"column":4},"end":{"line":60,"column":5}},"28":{"start":{"line":58,"column":8},"end":{"line":58,"column":72}},"29":{"start":{"line":59,"column":8},"end":{"line":59,"column":74}},"30":{"start":{"line":59,"column":42},"end":{"line":59,"column":74}},"31":{"start":{"line":64,"column":4},"end":{"line":64,"column":74}},"32":{"start":{"line":65,"column":4},"end":{"line":68,"column":5}},"33":{"start":{"line":66,"column":8},"end":{"line":67,"column":43}},"34":{"start":{"line":66,"column":24},"end":{"line":66,"column":63}},"35":{"start":{"line":67,"column":13},"end":{"line":67,"column":43}},"36":{"start":{"line":70,"column":4},"end":{"line":70,"column":22}},"37":{"start":{"line":71,"column":4},"end":{"line":71,"column":51}},"38":{"start":{"line":71,"column":30},"end":{"line":71,"column":51}},"39":{"start":{"line":75,"column":0},"end":{"line":75,"column":7}}},"branchMap":{"1":{"line":14,"type":"if","locations":[{"start":{"line":14,"column":0},"end":{"line":14,"column":0}},{"start":{"line":14,"column":0},"end":{"line":14,"column":0}}]},"2":{"line":17,"type":"if","locations":[{"start":{"line":17,"column":0},"end":{"line":17,"column":0}},{"start":{"line":17,"column":0},"end":{"line":17,"column":0}}]},"3":{"line":43,"type":"if","locations":[{"start":{"line":43,"column":4},"end":{"line":43,"column":4}},{"start":{"line":43,"column":4},"end":{"line":43,"column":4}}]},"4":{"line":57,"type":"if","locations":[{"start":{"line":57,"column":4},"end":{"line":57,"column":4}},{"start":{"line":57,"column":4},"end":{"line":57,"column":4}}]},"5":{"line":66,"type":"if","locations":[{"start":{"line":66,"column":8},"end":{"line":66,"column":8}},{"start":{"line":66,"column":8},"end":{"line":66,"column":8}}]},"6":{"line":71,"type":"if","locations":[{"start":{"line":71,"column":4},"end":{"line":71,"column":4}},{"start":{"line":71,"column":4},"end":{"line":71,"column":4}}]}},"code":["//#!/usr/bin/env node","","const helpers = require('./helpers');","const chokidar = require('chokidar');","const colors = require('colors');","const argv = require('yargs').argv;","","let watchersInitialized = false;","let main;","","/* Secure mode */","","let secureMode = false;","if (argv.secure) secureMode = true;","","let uninstallMode = true;","if (argv['dont-uninstall']) uninstallMode = false;","","/* Watch files and repeat drill"," * Add a watcher, call main wrapper to repeat cycle"," */","","let initializeWatchers = () => {","    let watcher = chokidar.watch('**/*.js', {","        ignored: 'node_modules'","    });","    watcher.on('change', main)","    .on('unlink', main);","","    watchersInitialized = true;","    console.log('Watchers initialized');","};","","/* Main wrapper"," * Get installed modules from package.json"," * Get used modules from all files"," * Install used modules that are not installed"," * Remove installed modules that are not used"," * After setup, initialize watchers"," */","","main = () => {","    if (!helpers.packageJSONExists()) {","        console.log(colors.red('package.json does not exist'));","        console.log(colors.red('You can create one by using `npm init`'));","        return;","    }","","    let installedModules = [];","    installedModules = helpers.getInstalledModules();","","    let usedModules = helpers.getUsedModules();","    usedModules = helpers.filterRegistryModules(usedModules);","","    // removeUnusedModules","","    if (uninstallMode) {","        let unusedModules = helpers.diff(installedModules, usedModules);","        for (let module of unusedModules) helpers.uninstallModule(module);","    }","","    // installModules","","    let modulesNotInstalled = helpers.diff(usedModules, installedModules);","    for (let module of modulesNotInstalled) {","        if (secureMode) helpers.installModuleIfTrusted(module);","        else helpers.installModule(module);","    }","","    helpers.cleanup();","    if (!watchersInitialized) initializeWatchers();","};","","/* Turn the key */","main();","",""],"l":{"3":1,"4":1,"5":1,"6":1,"8":1,"9":1,"13":1,"14":1,"16":1,"17":1,"23":1,"24":1,"27":1,"30":1,"31":1,"42":1,"43":1,"44":0,"45":0,"46":0,"49":1,"50":1,"52":1,"53":1,"57":1,"58":1,"59":2,"64":1,"65":1,"66":26,"67":26,"70":1,"71":1,"75":1}},"/home/travis/build/npmtest/node-npmtest-auto-install/auto-install/src/helpers.js":{"path":"/home/travis/build/npmtest/node-npmtest-auto-install/auto-install/src/helpers.js","s":{"1":1,"2":1,"3":1,"4":1,"5":1,"6":1,"7":1,"8":1,"9":1,"10":1,"11":1,"12":1,"13":1,"14":1,"15":1,"16":1,"17":1,"18":1,"19":1,"20":1,"21":1,"22":1,"23":0,"24":1,"25":3,"26":1,"27":1,"28":1,"29":1,"30":395,"31":395,"32":1,"33":32,"34":32,"35":32,"36":32,"37":32,"38":32,"39":32,"40":395,"41":0,"42":32,"43":1,"44":32,"45":1,"46":2,"47":2,"48":2,"49":395,"50":61,"51":61,"52":2,"53":1,"54":1,"55":1,"56":395,"57":1,"58":1,"59":395,"60":1,"61":1,"62":1,"63":1,"64":1,"65":1,"66":32,"67":32,"68":32,"69":395,"70":1,"71":1,"72":1,"73":1,"74":1,"75":0,"76":0,"77":0,"78":1,"79":27,"80":27,"81":1,"82":1,"83":27,"84":1,"85":27,"86":27,"87":27,"88":27,"89":27,"90":1,"91":27,"92":27,"93":1,"94":26,"95":26,"96":0,"97":26,"98":1,"99":25,"100":26,"101":1,"102":1,"103":0,"104":0,"105":0,"106":0,"107":0,"108":0,"109":0,"110":0,"111":1,"112":26,"113":26,"114":0,"115":26,"116":26,"117":26,"118":26,"119":2,"120":26,"121":0,"122":0,"123":0,"124":0,"125":0,"126":26,"127":1,"128":26,"129":26,"130":26,"131":26,"132":2,"133":26,"134":26,"135":25,"136":1,"137":1,"138":0,"139":1,"140":0,"141":0,"142":0,"143":0,"144":0,"145":1,"146":0,"147":0,"148":0,"149":0,"150":0,"151":0,"152":0,"153":0,"154":1,"155":0,"156":0,"157":0,"158":0,"159":0,"160":0,"161":0,"162":0,"163":0,"164":1,"165":2,"166":2,"167":0,"168":0,"169":0,"170":0,"171":0,"172":1,"173":1,"174":44,"175":1,"176":1,"177":61,"178":1,"179":1,"180":44,"181":44,"182":43,"183":1,"184":1,"185":1,"186":1,"187":2,"188":31,"189":1,"190":2,"191":2,"192":31,"193":1,"194":1,"195":1,"196":0,"197":1,"198":1,"199":1,"200":1,"201":1},"b":{"1":[1,1],"2":[1,0],"3":[32,32],"4":[61,334],"5":[1,0],"6":[0,0],"7":[1,26],"8":[1,26],"9":[0,26],"10":[1,25],"11":[0,0],"12":[0,0],"13":[0,26],"14":[26,0],"15":[2,24],"16":[0,26],"17":[0,0],"18":[0,0],"19":[2,24],"20":[25,1],"21":[0,0],"22":[0,0],"23":[0,0],"24":[0,0],"25":[0,0],"26":[0,0],"27":[0,0],"28":[0,0],"29":[2,0],"30":[43,1],"31":[0,1]},"f":{},"fnMap":{},"statementMap":{"1":{"start":{"line":1,"column":0},"end":{"line":1,"column":25}},"2":{"start":{"line":2,"column":0},"end":{"line":2,"column":29}},"3":{"start":{"line":3,"column":0},"end":{"line":3,"column":53}},"4":{"start":{"line":4,"column":0},"end":{"line":4,"column":38}},"5":{"start":{"line":5,"column":0},"end":{"line":5,"column":27}},"6":{"start":{"line":6,"column":0},"end":{"line":6,"column":42}},"7":{"start":{"line":7,"column":0},"end":{"line":7,"column":35}},"8":{"start":{"line":8,"column":0},"end":{"line":8,"column":39}},"9":{"start":{"line":9,"column":0},"end":{"line":9,"column":46}},"10":{"start":{"line":10,"column":0},"end":{"line":10,"column":33}},"11":{"start":{"line":11,"column":0},"end":{"line":11,"column":35}},"12":{"start":{"line":12,"column":0},"end":{"line":12,"column":44}},"13":{"start":{"line":13,"column":0},"end":{"line":13,"column":31}},"14":{"start":{"line":18,"column":0},"end":{"line":21,"column":2}},"15":{"start":{"line":19,"column":4},"end":{"line":19,"column":48}},"16":{"start":{"line":20,"column":4},"end":{"line":20,"column":19}},"17":{"start":{"line":27,"column":0},"end":{"line":48,"column":2}},"18":{"start":{"line":28,"column":4},"end":{"line":28,"column":55}},"19":{"start":{"line":29,"column":4},"end":{"line":29,"column":30}},"20":{"start":{"line":31,"column":4},"end":{"line":31,"column":50}},"21":{"start":{"line":32,"column":4},"end":{"line":32,"column":56}},"22":{"start":{"line":34,"column":4},"end":{"line":39,"column":5}},"23":{"start":{"line":35,"column":8},"end":{"line":38,"column":11}},"24":{"start":{"line":40,"column":4},"end":{"line":45,"column":5}},"25":{"start":{"line":41,"column":8},"end":{"line":44,"column":11}},"26":{"start":{"line":47,"column":4},"end":{"line":47,"column":28}},"27":{"start":{"line":53,"column":0},"end":{"line":53,"column":75}},"28":{"start":{"line":53,"column":21},"end":{"line":53,"column":74}},"29":{"start":{"line":57,"column":0},"end":{"line":60,"column":2}},"30":{"start":{"line":58,"column":4},"end":{"line":58,"column":49}},"31":{"start":{"line":59,"column":4},"end":{"line":59,"column":28}},"32":{"start":{"line":66,"column":0},"end":{"line":80,"column":2}},"33":{"start":{"line":67,"column":4},"end":{"line":67,"column":48}},"34":{"start":{"line":68,"column":4},"end":{"line":68,"column":21}},"35":{"start":{"line":69,"column":4},"end":{"line":78,"column":5}},"36":{"start":{"line":70,"column":8},"end":{"line":70,"column":70}},"37":{"start":{"line":72,"column":8},"end":{"line":72,"column":80}},"38":{"start":{"line":73,"column":8},"end":{"line":73,"column":45}},"39":{"start":{"line":75,"column":8},"end":{"line":75,"column":68}},"40":{"start":{"line":75,"column":45},"end":{"line":75,"column":66}},"41":{"start":{"line":77,"column":8},"end":{"line":77,"column":92}},"42":{"start":{"line":79,"column":4},"end":{"line":79,"column":19}},"43":{"start":{"line":86,"column":0},"end":{"line":86,"column":84}},"44":{"start":{"line":86,"column":28},"end":{"line":86,"column":82}},"45":{"start":{"line":93,"column":0},"end":{"line":105,"column":2}},"46":{"start":{"line":94,"column":4},"end":{"line":94,"column":28}},"47":{"start":{"line":95,"column":4},"end":{"line":95,"column":32}},"48":{"start":{"line":97,"column":4},"end":{"line":102,"column":5}},"49":{"start":{"line":98,"column":8},"end":{"line":101,"column":9}},"50":{"start":{"line":99,"column":12},"end":{"line":99,"column":40}},"51":{"start":{"line":100,"column":12},"end":{"line":100,"column":49}},"52":{"start":{"line":104,"column":4},"end":{"line":104,"column":26}},"53":{"start":{"line":112,"column":0},"end":{"line":122,"column":2}},"54":{"start":{"line":113,"column":4},"end":{"line":113,"column":28}},"55":{"start":{"line":115,"column":4},"end":{"line":115,"column":59}},"56":{"start":{"line":115,"column":47},"end":{"line":115,"column":57}},"57":{"start":{"line":116,"column":4},"end":{"line":116,"column":83}},"58":{"start":{"line":118,"column":4},"end":{"line":118,"column":60}},"59":{"start":{"line":118,"column":47},"end":{"line":118,"column":58}},"60":{"start":{"line":119,"column":4},"end":{"line":119,"column":83}},"61":{"start":{"line":121,"column":4},"end":{"line":121,"column":26}},"62":{"start":{"line":128,"column":0},"end":{"line":138,"column":2}},"63":{"start":{"line":129,"column":4},"end":{"line":129,"column":27}},"64":{"start":{"line":130,"column":4},"end":{"line":130,"column":25}},"65":{"start":{"line":131,"column":4},"end":{"line":135,"column":5}},"66":{"start":{"line":132,"column":8},"end":{"line":132,"column":59}},"67":{"start":{"line":133,"column":8},"end":{"line":133,"column":39}},"68":{"start":{"line":134,"column":8},"end":{"line":134,"column":72}},"69":{"start":{"line":134,"column":42},"end":{"line":134,"column":72}},"70":{"start":{"line":136,"column":4},"end":{"line":136,"column":43}},"71":{"start":{"line":137,"column":4},"end":{"line":137,"column":23}},"72":{"start":{"line":144,"column":0},"end":{"line":150,"column":2}},"73":{"start":{"line":145,"column":4},"end":{"line":149,"column":40}},"74":{"start":{"line":146,"column":8},"end":{"line":146,"column":70}},"75":{"start":{"line":147,"column":11},"end":{"line":149,"column":40}},"76":{"start":{"line":148,"column":8},"end":{"line":148,"column":93}},"77":{"start":{"line":149,"column":11},"end":{"line":149,"column":40}},"78":{"start":{"line":156,"column":0},"end":{"line":163,"column":2}},"79":{"start":{"line":157,"column":4},"end":{"line":157,"column":37}},"80":{"start":{"line":158,"column":4},"end":{"line":161,"column":5}},"81":{"start":{"line":159,"column":8},"end":{"line":159,"column":22}},"82":{"start":{"line":160,"column":8},"end":{"line":160,"column":37}},"83":{"start":{"line":162,"column":4},"end":{"line":162,"column":28}},"84":{"start":{"line":169,"column":0},"end":{"line":175,"column":2}},"85":{"start":{"line":170,"column":4},"end":{"line":170,"column":24}},"86":{"start":{"line":171,"column":4},"end":{"line":171,"column":27}},"87":{"start":{"line":172,"column":4},"end":{"line":172,"column":25}},"88":{"start":{"line":173,"column":4},"end":{"line":173,"column":20}},"89":{"start":{"line":174,"column":4},"end":{"line":174,"column":19}},"90":{"start":{"line":177,"column":0},"end":{"line":185,"column":2}},"91":{"start":{"line":178,"column":4},"end":{"line":178,"column":19}},"92":{"start":{"line":179,"column":4},"end":{"line":179,"column":25}},"93":{"start":{"line":179,"column":18},"end":{"line":179,"column":25}},"94":{"start":{"line":180,"column":4},"end":{"line":180,"column":15}},"95":{"start":{"line":181,"column":4},"end":{"line":183,"column":37}},"96":{"start":{"line":181,"column":24},"end":{"line":181,"column":50}},"97":{"start":{"line":182,"column":9},"end":{"line":183,"column":37}},"98":{"start":{"line":182,"column":32},"end":{"line":182,"column":60}},"99":{"start":{"line":183,"column":9},"end":{"line":183,"column":37}},"100":{"start":{"line":184,"column":4},"end":{"line":184,"column":33}},"101":{"start":{"line":189,"column":0},"end":{"line":189,"column":35}},"102":{"start":{"line":190,"column":0},"end":{"line":202,"column":2}},"103":{"start":{"line":191,"column":4},"end":{"line":191,"column":61}},"104":{"start":{"line":192,"column":4},"end":{"line":192,"column":73}},"105":{"start":{"line":193,"column":4},"end":{"line":201,"column":7}},"106":{"start":{"line":194,"column":8},"end":{"line":194,"column":29}},"107":{"start":{"line":195,"column":8},"end":{"line":200,"column":9}},"108":{"start":{"line":196,"column":12},"end":{"line":196,"column":97}},"109":{"start":{"line":198,"column":12},"end":{"line":198,"column":55}},"110":{"start":{"line":199,"column":12},"end":{"line":199,"column":55}},"111":{"start":{"line":209,"column":0},"end":{"line":225,"column":2}},"112":{"start":{"line":210,"column":4},"end":{"line":210,"column":31}},"113":{"start":{"line":211,"column":4},"end":{"line":211,"column":43}},"114":{"start":{"line":211,"column":19},"end":{"line":211,"column":43}},"115":{"start":{"line":213,"column":4},"end":{"line":213,"column":16}},"116":{"start":{"line":215,"column":4},"end":{"line":223,"column":5}},"117":{"start":{"line":216,"column":8},"end":{"line":216,"column":47}},"118":{"start":{"line":217,"column":8},"end":{"line":217,"column":35}},"119":{"start":{"line":217,"column":17},"end":{"line":217,"column":35}},"120":{"start":{"line":218,"column":8},"end":{"line":218,"column":51}},"121":{"start":{"line":218,"column":24},"end":{"line":218,"column":51}},"122":{"start":{"line":219,"column":11},"end":{"line":223,"column":5}},"123":{"start":{"line":220,"column":8},"end":{"line":220,"column":37}},"124":{"start":{"line":221,"column":8},"end":{"line":221,"column":37}},"125":{"start":{"line":221,"column":17},"end":{"line":221,"column":37}},"126":{"start":{"line":224,"column":4},"end":{"line":224,"column":19}},"127":{"start":{"line":231,"column":0},"end":{"line":242,"column":2}},"128":{"start":{"line":232,"column":4},"end":{"line":232,"column":62}},"129":{"start":{"line":234,"column":4},"end":{"line":234,"column":47}},"130":{"start":{"line":236,"column":4},"end":{"line":236,"column":38}},"131":{"start":{"line":237,"column":4},"end":{"line":237,"column":46}},"132":{"start":{"line":237,"column":13},"end":{"line":237,"column":46}},"133":{"start":{"line":239,"column":4},"end":{"line":239,"column":38}},"134":{"start":{"line":240,"column":4},"end":{"line":241,"column":71}},"135":{"start":{"line":240,"column":17},"end":{"line":240,"column":56}},"136":{"start":{"line":241,"column":9},"end":{"line":241,"column":71}},"137":{"start":{"line":246,"column":0},"end":{"line":246,"column":47}},"138":{"start":{"line":246,"column":31},"end":{"line":246,"column":46}},"139":{"start":{"line":250,"column":0},"end":{"line":256,"column":2}},"140":{"start":{"line":251,"column":4},"end":{"line":251,"column":45}},"141":{"start":{"line":252,"column":4},"end":{"line":255,"column":7}},"142":{"start":{"line":253,"column":8},"end":{"line":254,"column":60}},"143":{"start":{"line":253,"column":63},"end":{"line":253,"column":90}},"144":{"start":{"line":254,"column":13},"end":{"line":254,"column":60}},"145":{"start":{"line":262,"column":0},"end":{"line":275,"column":2}},"146":{"start":{"line":264,"column":4},"end":{"line":274,"column":5}},"147":{"start":{"line":264,"column":30},"end":{"line":264,"column":57}},"148":{"start":{"line":266,"column":8},"end":{"line":273,"column":11}},"149":{"start":{"line":268,"column":12},"end":{"line":272,"column":64}},"150":{"start":{"line":268,"column":25},"end":{"line":268,"column":52}},"151":{"start":{"line":270,"column":17},"end":{"line":272,"column":64}},"152":{"start":{"line":270,"column":43},"end":{"line":270,"column":85}},"153":{"start":{"line":272,"column":17},"end":{"line":272,"column":64}},"154":{"start":{"line":282,"column":0},"end":{"line":292,"column":2}},"155":{"start":{"line":283,"column":4},"end":{"line":283,"column":31}},"156":{"start":{"line":284,"column":4},"end":{"line":284,"column":43}},"157":{"start":{"line":284,"column":19},"end":{"line":284,"column":43}},"158":{"start":{"line":286,"column":4},"end":{"line":286,"column":16}},"159":{"start":{"line":288,"column":4},"end":{"line":289,"column":72}},"160":{"start":{"line":288,"column":34},"end":{"line":288,"column":75}},"161":{"start":{"line":289,"column":9},"end":{"line":289,"column":72}},"162":{"start":{"line":289,"column":40},"end":{"line":289,"column":72}},"163":{"start":{"line":291,"column":4},"end":{"line":291,"column":19}},"164":{"start":{"line":296,"column":0},"end":{"line":305,"column":2}},"165":{"start":{"line":297,"column":4},"end":{"line":297,"column":20}},"166":{"start":{"line":297,"column":13},"end":{"line":297,"column":20}},"167":{"start":{"line":299,"column":4},"end":{"line":299,"column":44}},"168":{"start":{"line":300,"column":4},"end":{"line":300,"column":36}},"169":{"start":{"line":302,"column":4},"end":{"line":302,"column":62}},"170":{"start":{"line":303,"column":4},"end":{"line":303,"column":24}},"171":{"start":{"line":304,"column":4},"end":{"line":304,"column":41}},"172":{"start":{"line":309,"column":0},"end":{"line":309,"column":98}},"173":{"start":{"line":309,"column":40},"end":{"line":309,"column":97}},"174":{"start":{"line":309,"column":67},"end":{"line":309,"column":96}},"175":{"start":{"line":313,"column":0},"end":{"line":313,"column":92}},"176":{"start":{"line":313,"column":36},"end":{"line":313,"column":91}},"177":{"start":{"line":313,"column":63},"end":{"line":313,"column":90}},"178":{"start":{"line":319,"column":0},"end":{"line":325,"column":2}},"179":{"start":{"line":320,"column":4},"end":{"line":323,"column":5}},"180":{"start":{"line":321,"column":8},"end":{"line":321,"column":51}},"181":{"start":{"line":322,"column":8},"end":{"line":322,"column":70}},"182":{"start":{"line":322,"column":45},"end":{"line":322,"column":70}},"183":{"start":{"line":324,"column":4},"end":{"line":324,"column":19}},"184":{"start":{"line":329,"column":0},"end":{"line":333,"column":8}},"185":{"start":{"line":329,"column":41},"end":{"line":333,"column":7}},"186":{"start":{"line":337,"column":0},"end":{"line":337,"column":74}},"187":{"start":{"line":337,"column":39},"end":{"line":337,"column":73}},"188":{"start":{"line":337,"column":61},"end":{"line":337,"column":72}},"189":{"start":{"line":341,"column":0},"end":{"line":344,"column":2}},"190":{"start":{"line":342,"column":4},"end":{"line":342,"column":54}},"191":{"start":{"line":343,"column":4},"end":{"line":343,"column":74}},"192":{"start":{"line":343,"column":34},"end":{"line":343,"column":72}},"193":{"start":{"line":348,"column":0},"end":{"line":353,"column":2}},"194":{"start":{"line":349,"column":4},"end":{"line":349,"column":55}},"195":{"start":{"line":350,"column":4},"end":{"line":351,"column":35}},"196":{"start":{"line":350,"column":19},"end":{"line":350,"column":38}},"197":{"start":{"line":351,"column":9},"end":{"line":351,"column":35}},"198":{"start":{"line":352,"column":4},"end":{"line":352,"column":25}},"199":{"start":{"line":361,"column":0},"end":{"line":361,"column":60}},"200":{"start":{"line":361,"column":30},"end":{"line":361,"column":59}},"201":{"start":{"line":365,"column":0},"end":{"line":375,"column":2}}},"branchMap":{"1":{"line":31,"type":"binary-expr","locations":[{"start":{"line":31,"column":23},"end":{"line":31,"column":43}},{"start":{"line":31,"column":47},"end":{"line":31,"column":49}}]},"2":{"line":32,"type":"binary-expr","locations":[{"start":{"line":32,"column":26},"end":{"line":32,"column":49}},{"start":{"line":32,"column":53},"end":{"line":32,"column":55}}]},"3":{"line":86,"type":"binary-expr","locations":[{"start":{"line":86,"column":28},"end":{"line":86,"column":53}},{"start":{"line":86,"column":57},"end":{"line":86,"column":82}}]},"4":{"line":98,"type":"if","locations":[{"start":{"line":98,"column":8},"end":{"line":98,"column":8}},{"start":{"line":98,"column":8},"end":{"line":98,"column":8}}]},"5":{"line":145,"type":"if","locations":[{"start":{"line":145,"column":4},"end":{"line":145,"column":4}},{"start":{"line":145,"column":4},"end":{"line":145,"column":4}}]},"6":{"line":147,"type":"if","locations":[{"start":{"line":147,"column":11},"end":{"line":147,"column":11}},{"start":{"line":147,"column":11},"end":{"line":147,"column":11}}]},"7":{"line":158,"type":"if","locations":[{"start":{"line":158,"column":4},"end":{"line":158,"column":4}},{"start":{"line":158,"column":4},"end":{"line":158,"column":4}}]},"8":{"line":179,"type":"if","locations":[{"start":{"line":179,"column":4},"end":{"line":179,"column":4}},{"start":{"line":179,"column":4},"end":{"line":179,"column":4}}]},"9":{"line":181,"type":"if","locations":[{"start":{"line":181,"column":4},"end":{"line":181,"column":4}},{"start":{"line":181,"column":4},"end":{"line":181,"column":4}}]},"10":{"line":182,"type":"if","locations":[{"start":{"line":182,"column":9},"end":{"line":182,"column":9}},{"start":{"line":182,"column":9},"end":{"line":182,"column":9}}]},"11":{"line":195,"type":"if","locations":[{"start":{"line":195,"column":8},"end":{"line":195,"column":8}},{"start":{"line":195,"column":8},"end":{"line":195,"column":8}}]},"12":{"line":195,"type":"binary-expr","locations":[{"start":{"line":195,"column":12},"end":{"line":195,"column":17}},{"start":{"line":195,"column":21},"end":{"line":195,"column":47}}]},"13":{"line":211,"type":"if","locations":[{"start":{"line":211,"column":4},"end":{"line":211,"column":4}},{"start":{"line":211,"column":4},"end":{"line":211,"column":4}}]},"14":{"line":215,"type":"if","locations":[{"start":{"line":215,"column":4},"end":{"line":215,"column":4}},{"start":{"line":215,"column":4},"end":{"line":215,"column":4}}]},"15":{"line":217,"type":"if","locations":[{"start":{"line":217,"column":8},"end":{"line":217,"column":8}},{"start":{"line":217,"column":8},"end":{"line":217,"column":8}}]},"16":{"line":218,"type":"if","locations":[{"start":{"line":218,"column":8},"end":{"line":218,"column":8}},{"start":{"line":218,"column":8},"end":{"line":218,"column":8}}]},"17":{"line":219,"type":"if","locations":[{"start":{"line":219,"column":11},"end":{"line":219,"column":11}},{"start":{"line":219,"column":11},"end":{"line":219,"column":11}}]},"18":{"line":221,"type":"if","locations":[{"start":{"line":221,"column":8},"end":{"line":221,"column":8}},{"start":{"line":221,"column":8},"end":{"line":221,"column":8}}]},"19":{"line":237,"type":"if","locations":[{"start":{"line":237,"column":4},"end":{"line":237,"column":4}},{"start":{"line":237,"column":4},"end":{"line":237,"column":4}}]},"20":{"line":240,"type":"if","locations":[{"start":{"line":240,"column":4},"end":{"line":240,"column":4}},{"start":{"line":240,"column":4},"end":{"line":240,"column":4}}]},"21":{"line":253,"type":"if","locations":[{"start":{"line":253,"column":8},"end":{"line":253,"column":8}},{"start":{"line":253,"column":8},"end":{"line":253,"column":8}}]},"22":{"line":253,"type":"binary-expr","locations":[{"start":{"line":253,"column":12},"end":{"line":253,"column":23}},{"start":{"line":253,"column":27},"end":{"line":253,"column":61}}]},"23":{"line":264,"type":"if","locations":[{"start":{"line":264,"column":4},"end":{"line":264,"column":4}},{"start":{"line":264,"column":4},"end":{"line":264,"column":4}}]},"24":{"line":268,"type":"if","locations":[{"start":{"line":268,"column":12},"end":{"line":268,"column":12}},{"start":{"line":268,"column":12},"end":{"line":268,"column":12}}]},"25":{"line":270,"type":"if","locations":[{"start":{"line":270,"column":17},"end":{"line":270,"column":17}},{"start":{"line":270,"column":17},"end":{"line":270,"column":17}}]},"26":{"line":284,"type":"if","locations":[{"start":{"line":284,"column":4},"end":{"line":284,"column":4}},{"start":{"line":284,"column":4},"end":{"line":284,"column":4}}]},"27":{"line":288,"type":"if","locations":[{"start":{"line":288,"column":4},"end":{"line":288,"column":4}},{"start":{"line":288,"column":4},"end":{"line":288,"column":4}}]},"28":{"line":289,"type":"if","locations":[{"start":{"line":289,"column":9},"end":{"line":289,"column":9}},{"start":{"line":289,"column":9},"end":{"line":289,"column":9}}]},"29":{"line":297,"type":"if","locations":[{"start":{"line":297,"column":4},"end":{"line":297,"column":4}},{"start":{"line":297,"column":4},"end":{"line":297,"column":4}}]},"30":{"line":322,"type":"if","locations":[{"start":{"line":322,"column":8},"end":{"line":322,"column":8}},{"start":{"line":322,"column":8},"end":{"line":322,"column":8}}]},"31":{"line":350,"type":"if","locations":[{"start":{"line":350,"column":4},"end":{"line":350,"column":4}},{"start":{"line":350,"column":4},"end":{"line":350,"column":4}}]}},"code":["const fs = require('fs');","const glob = require('glob');","const isBuiltInModule = require('is-builtin-module');","const syncExec = require('sync-exec');","const ora = require('ora');","const logSymbols = require('log-symbols');","const request = require('request');","const detective = require('detective');","const es6detective = require('detective-es6');","const colors = require('colors');","const argv = require('yargs').argv;","const packageJson = require('package-json');","require('./includes-polyfill');","","/* File reader"," * Return contents of given file"," */","let readFile = (path) => {","    let content = fs.readFileSync(path, 'utf8');","    return content;","};","","/* Get installed modules"," * Read dependencies array from package.json"," */","","let getInstalledModules = () => {","    let content = JSON.parse(readFile('package.json'));","    let installedModules = [];","","    let dependencies = content.dependencies || {};","    let devDependencies = content.devDependencies || {};","","    for (let key of Object.keys(dependencies)) {","        installedModules.push({","            name: key,","            dev: false","        });","    }","    for (let key of Object.keys(devDependencies)) {","        installedModules.push({","            name: key,","            dev: true","        });","    }","","    return installedModules;","};","","/* Get all js files"," * Return path of all js files"," */","let getFiles = () => glob.sync('**/*.js', {ignore: ['node_modules/**/*']});","","/* Check for valid string - to stop malicious intentions */","","let isValidModule = ({name}) => {","    let regex = new RegExp('^([a-z0-9-_]{1,})$');","    return regex.test(name);","};","","/* Find modules from file"," * Returns array of modules from a file"," */","","let getModulesFromFile = (path) => {","    let content = fs.readFileSync(path, 'utf8');","    let modules = [];","    try {","        modules = detective(content, {parse: {sourceType: 'module'}});","","        let es6modules = es6detective(content, {parse: {sourceType: 'module'}});","        modules = modules.concat(es6modules);","","        modules = modules.filter((module) => isValidModule(module));","    } catch (err) {","        console.log(colors.red(`Could not parse ${path}. There is a syntax error in file`));","    }","    return modules;","};","","/* Is test file?"," * [.spec.js, .test.js] are supported test file formats"," */","","let isTestFile = (name) => (name.endsWith('.spec.js') || name.endsWith('.test.js'));","","/* Dedup similar modules"," * Deduplicates list"," * Ignores/assumes type of the modules in list","*/","","let deduplicateSimilarModules = (modules) => {","    let dedupedModules = [];","    let dedupedModuleNames = [];","","    for (let module of modules) {","        if (!dedupedModuleNames.includes(module.name)) {","            dedupedModules.push(module);","            dedupedModuleNames.push(module.name);","        }","    }","","    return dedupedModules;","};","","/* Dedup modules"," * Divide modules into prod and dev"," * Deduplicates each list"," */","","let deduplicate = (modules) => {","    let dedupedModules = [];","","    let testModules = modules.filter(module => module.dev);","    dedupedModules = dedupedModules.concat(deduplicateSimilarModules(testModules));","","    let prodModules = modules.filter(module => !module.dev);","    dedupedModules = dedupedModules.concat(deduplicateSimilarModules(prodModules));","","    return dedupedModules;","};","","/* Get used modules"," * Read all .js files and grep for modules"," */","","let getUsedModules = () => {","    let files = getFiles();","    let usedModules = [];","    for (let fileName of files) {","        let modulesFromFile = getModulesFromFile(fileName);","        let dev = isTestFile(fileName);","        for (let name of modulesFromFile) usedModules.push({name, dev});","    }","    usedModules = deduplicate(usedModules);","    return usedModules;","};","","/* Handle error"," * Pretty error message for common errors"," */","","let handleError = (err) => {","    if (err.includes('E404')) {","        console.log(colors.red('Module is not in the npm registry.'));","    } else if (err.includes('ENOTFOUND')) {","        console.log(colors.red('Could not connect to npm, check your internet connection!'));","    } else console.log(colors.red(err));","};","","/* Command runner"," * Run a given command"," */","","let runCommand = (command) => {","    let response = syncExec(command);","    if (response.stderr) {","        console.log();","        handleError(response.stderr);","    }","    return !response.status; // status = 0 for success","};","","/* Show pretty outputs"," * Use ora spinners to show what's going on"," */","","let startSpinner = (message, type) => {","    let spinner = ora();","    spinner.text = message;","    spinner.color = type;","    spinner.start();","    return spinner;","};","","let stopSpinner = (spinner, message, type) => {","    spinner.stop();","    if (!message) return;","    let symbol;","    if (type === 'red') symbol = logSymbols.error;","    else if (type === 'yellow') symbol = logSymbols.warning;","    else symbol = logSymbols.success;","    console.log(symbol, message);","};","","/* Is module popular? - for secure mode */","","const POPULARITY_THRESHOLD = 10000;","let isModulePopular = (name, callback) => {","    let spinner = startSpinner(`Checking ${name}`, 'yellow');","    let url = `https://api.npmjs.org/downloads/point/last-month/${name}`;","    request(url, (error, response, body) => {","        stopSpinner(spinner);","        if (error && error.code === 'ENOTFOUND') {","            console.log(colors.red('Could not connect to npm, check your internet connection!'));","        } else {","            let downloads = JSON.parse(body).downloads;","            callback(downloads > POPULARITY_THRESHOLD);","        }","    });","};","","/* Get install command"," *"," * Depends on package manager, dev and exact"," */","","let getInstallCommand = (name, dev) => {","    let packageManager = 'npm';","    if (argv.yarn) packageManager = 'yarn';","","    let command;","","    if (packageManager === 'npm') {","        command = `npm install ${name} --save`;","        if (dev) command += '-dev';","        if (argv.exact) command += ' --save-exact';","    } else if (packageManager === 'yarn') {","        command = `yarn add ${name}`;","        if (dev) command += ' --dev';","        // yarn always adds exact","    }","    return command;","};","","/* Install module"," * Install given module"," */","","let installModule = ({name, dev}) => {","    let spinner = startSpinner(`Installing ${name}`, 'green');","","    let command = getInstallCommand(name, dev);","","    let message = `${name} installed`;","    if (dev) message += ' in devDependencies';","","    let success = runCommand(command);","    if (success) stopSpinner(spinner, message, 'green');","    else stopSpinner(spinner, `${name} installation failed`, 'yellow');","};","","/* is scoped module? */","","let isScopedModule = (name) => name[0] === '@';","","/* Install module if author is trusted */","","let installModuleIfTrustedAuthor = ({name, dev}) => {","    let trustedAuthor = argv['trust-author'];","    packageJson(name).then(json => {","        if (json.author && json.author.name === trustedAuthor) installModule({name, dev});","        else console.log(colors.red(`${name} not trusted`));","    });","};","","/* Install module if trusted"," * Call isModulePopular before installing"," */","","let installModuleIfTrusted = ({name, dev}) => {","    // Trust scoped modules","    if (isScopedModule(name)) installModule({name, dev});","    else {","        isModulePopular(name, (popular) => {","            // Popular as proxy for trusted","            if (popular) installModule({name, dev});","            // Trusted Author","            else if (argv['trust-author']) installModuleIfTrustedAuthor({name, dev});","            // Not trusted","            else console.log(colors.red(`${name} not trusted`));","        });","    }","};","","/* Get uninstall command"," *"," * Depends on package manager"," */","","let getUninstallCommand = (name) => {","    let packageManager = 'npm';","    if (argv.yarn) packageManager = 'yarn';","","    let command;","","    if (packageManager === 'npm') command = `npm uninstall ${name} --save`;","    else if (packageManager === 'yarn') command = `yarn remove ${name}`;","","    return command;","};","","/* Uninstall module */","","let uninstallModule = ({name, dev}) => {","    if (dev) return;","","    let command = getUninstallCommand(name);","    let message = `${name} removed`;","","    let spinner = startSpinner(`Uninstalling ${name}`, 'red');","    runCommand(command);","    stopSpinner(spinner, message, 'red');","};","","/* Remove built in/native modules */","","let removeBuiltInModules = (modules) => modules.filter((module) => !isBuiltInModule(module.name));","","/* Remove local files that are required */","","let removeLocalFiles = (modules) => modules.filter((module) => !module.name.includes('./'));","","/* Remove file paths from module names"," * Example: convert `colors/safe` to `colors`"," */","","let removeFilePaths = (modules) => {","    for (let module of modules) {","        let slicedName = module.name.split('/')[0];","        if (slicedName.substr(0, 1) !== '@') module.name = slicedName;","    }","    return modules;","};","","/* Filter registry modules */","","let filterRegistryModules = (modules) => removeBuiltInModules(","    removeFilePaths(","    removeLocalFiles(","        modules","    )));","","/* Get module names from array of module objects */","","let getNamesFromModules = (modules) => modules.map(module => module.name);","","/* Modules diff */","","let diff = (first, second) => {","    let namesFromSecond = getNamesFromModules(second);","    return first.filter(module => !namesFromSecond.includes(module.name));","};","","/* Reinstall modules */","","let cleanup = () => {","    let spinner = startSpinner('Cleaning up', 'green');","    if (argv.yarn) runCommand('yarn');","    else runCommand('npm install');","    stopSpinner(spinner);","};","","/* Does package.json exist?"," * Without package.json, most of the functionality fails"," *     installing + adding to package.json"," *     removing unused modules"," */","","let packageJSONExists = () => fs.existsSync('package.json');","","/* Public helper functions */","","module.exports = {","    getInstalledModules,","    getUsedModules,","    filterRegistryModules,","    installModule,","    installModuleIfTrusted,","    uninstallModule,","    diff,","    cleanup,","    packageJSONExists","};","",""],"l":{"1":1,"2":1,"3":1,"4":1,"5":1,"6":1,"7":1,"8":1,"9":1,"10":1,"11":1,"12":1,"13":1,"18":1,"19":1,"20":1,"27":1,"28":1,"29":1,"31":1,"32":1,"34":1,"35":0,"40":1,"41":3,"47":1,"53":1,"57":1,"58":395,"59":395,"66":1,"67":32,"68":32,"69":32,"70":32,"72":32,"73":32,"75":395,"77":0,"79":32,"86":32,"93":1,"94":2,"95":2,"97":2,"98":395,"99":61,"100":61,"104":2,"112":1,"113":1,"115":395,"116":1,"118":395,"119":1,"121":1,"128":1,"129":1,"130":1,"131":1,"132":32,"133":32,"134":395,"136":1,"137":1,"144":1,"145":1,"146":1,"147":0,"148":0,"149":0,"156":1,"157":27,"158":27,"159":1,"160":1,"162":27,"169":1,"170":27,"171":27,"172":27,"173":27,"174":27,"177":1,"178":27,"179":27,"180":26,"181":26,"182":26,"183":25,"184":26,"189":1,"190":1,"191":0,"192":0,"193":0,"194":0,"195":0,"196":0,"198":0,"199":0,"209":1,"210":26,"211":26,"213":26,"215":26,"216":26,"217":26,"218":26,"219":0,"220":0,"221":0,"224":26,"231":1,"232":26,"234":26,"236":26,"237":26,"239":26,"240":26,"241":1,"246":1,"250":1,"251":0,"252":0,"253":0,"254":0,"262":1,"264":0,"266":0,"268":0,"270":0,"272":0,"282":1,"283":0,"284":0,"286":0,"288":0,"289":0,"291":0,"296":1,"297":2,"299":0,"300":0,"302":0,"303":0,"304":0,"309":44,"313":61,"319":1,"320":1,"321":44,"322":44,"324":1,"329":1,"337":31,"341":1,"342":2,"343":31,"348":1,"349":1,"350":1,"351":1,"352":1,"361":1,"365":1}},"/home/travis/build/npmtest/node-npmtest-auto-install/auto-install/src/includes-polyfill.js":{"path":"/home/travis/build/npmtest/node-npmtest-auto-install/auto-install/src/includes-polyfill.js","s":{"1":1,"2":426,"3":0,"4":426,"5":426,"6":426,"7":2,"8":424,"9":424,"10":424,"11":424,"12":0,"13":0,"14":0,"15":424,"16":424,"17":7764,"18":7764,"19":337,"20":7427,"21":87},"b":{"1":[0,426],"2":[426,2],"3":[2,424],"4":[424,424],"5":[424,0],"6":[0,0],"7":[337,7427],"8":[7764,7427,0]},"f":{"1":426},"fnMap":{"1":{"name":"includes","line":1,"loc":{"start":{"line":1,"column":27},"end":{"line":1,"column":60}}}},"statementMap":{"1":{"start":{"line":1,"column":0},"end":{"line":29,"column":2}},"2":{"start":{"line":2,"column":4},"end":{"line":4,"column":5}},"3":{"start":{"line":3,"column":8},"end":{"line":3,"column":84}},"4":{"start":{"line":6,"column":4},"end":{"line":6,"column":25}},"5":{"start":{"line":7,"column":4},"end":{"line":7,"column":42}},"6":{"start":{"line":8,"column":4},"end":{"line":10,"column":5}},"7":{"start":{"line":9,"column":8},"end":{"line":9,"column":21}},"8":{"start":{"line":11,"column":4},"end":{"line":11,"column":44}},"9":{"start":{"line":12,"column":4},"end":{"line":12,"column":10}},"10":{"start":{"line":13,"column":4},"end":{"line":18,"column":5}},"11":{"start":{"line":14,"column":8},"end":{"line":14,"column":14}},"12":{"start":{"line":16,"column":8},"end":{"line":16,"column":20}},"13":{"start":{"line":17,"column":8},"end":{"line":17,"column":29}},"14":{"start":{"line":17,"column":21},"end":{"line":17,"column":27}},"15":{"start":{"line":19,"column":4},"end":{"line":19,"column":23}},"16":{"start":{"line":20,"column":4},"end":{"line":27,"column":5}},"17":{"start":{"line":21,"column":8},"end":{"line":21,"column":30}},"18":{"start":{"line":22,"column":8},"end":{"line":25,"column":9}},"19":{"start":{"line":24,"column":12},"end":{"line":24,"column":24}},"20":{"start":{"line":26,"column":8},"end":{"line":26,"column":12}},"21":{"start":{"line":28,"column":4},"end":{"line":28,"column":17}}},"branchMap":{"1":{"line":2,"type":"if","locations":[{"start":{"line":2,"column":4},"end":{"line":2,"column":4}},{"start":{"line":2,"column":4},"end":{"line":2,"column":4}}]},"2":{"line":7,"type":"binary-expr","locations":[{"start":{"line":7,"column":14},"end":{"line":7,"column":36}},{"start":{"line":7,"column":40},"end":{"line":7,"column":41}}]},"3":{"line":8,"type":"if","locations":[{"start":{"line":8,"column":4},"end":{"line":8,"column":4}},{"start":{"line":8,"column":4},"end":{"line":8,"column":4}}]},"4":{"line":11,"type":"binary-expr","locations":[{"start":{"line":11,"column":12},"end":{"line":11,"column":38}},{"start":{"line":11,"column":42},"end":{"line":11,"column":43}}]},"5":{"line":13,"type":"if","locations":[{"start":{"line":13,"column":4},"end":{"line":13,"column":4}},{"start":{"line":13,"column":4},"end":{"line":13,"column":4}}]},"6":{"line":17,"type":"if","locations":[{"start":{"line":17,"column":8},"end":{"line":17,"column":8}},{"start":{"line":17,"column":8},"end":{"line":17,"column":8}}]},"7":{"line":22,"type":"if","locations":[{"start":{"line":22,"column":8},"end":{"line":22,"column":8}},{"start":{"line":22,"column":8},"end":{"line":22,"column":8}}]},"8":{"line":22,"type":"binary-expr","locations":[{"start":{"line":22,"column":12},"end":{"line":22,"column":44}},{"start":{"line":23,"column":6},"end":{"line":23,"column":37}},{"start":{"line":23,"column":41},"end":{"line":23,"column":74}}]}},"code":["Array.prototype.includes = function includes(searchElement) {","    if (this == null) {","        throw new TypeError('Array.prototype.includes called on null or undefined');","    }","","    let O = Object(this);","    let len = parseInt(O.length, 10) || 0;","    if (len === 0) {","        return false;","    }","    let n = parseInt(arguments[1], 10) || 0;","    let k;","    if (n >= 0) {","        k = n;","    } else {","        k = len + n;","        if (k < 0) { k = 0; }","    }","    let currentElement;","    while (k < len) {","        currentElement = O[k];","        if (searchElement === currentElement ||","     (searchElement !== searchElement && currentElement !== currentElement)) { // NaN !== NaN","            return true;","        }","        k++;","    }","    return false;","};",""],"l":{"1":1,"2":426,"3":0,"6":426,"7":426,"8":426,"9":2,"11":424,"12":424,"13":424,"14":424,"16":0,"17":0,"19":424,"20":424,"21":7764,"22":7764,"24":337,"26":7427,"28":87}}}